0 info it worked if it ends with ok
1 verbose cli [ '/usr/local/bin/node',
1 verbose cli   '/usr/local/bin/npm',
1 verbose cli   'install',
1 verbose cli   'email-validator' ]
2 info using npm@1.3.8
3 info using node@v0.11.6
4 verbose readDependencies using package.json deps
5 verbose cache add [ 'email-validator', null ]
6 verbose cache add name=undefined spec="email-validator" args=["email-validator",null]
7 verbose parsed url { protocol: null,
7 verbose parsed url   slashes: null,
7 verbose parsed url   auth: null,
7 verbose parsed url   host: null,
7 verbose parsed url   port: null,
7 verbose parsed url   hostname: null,
7 verbose parsed url   hash: null,
7 verbose parsed url   search: null,
7 verbose parsed url   query: null,
7 verbose parsed url   pathname: 'email-validator',
7 verbose parsed url   path: 'email-validator',
7 verbose parsed url   href: 'email-validator' }
8 silly lockFile a4e1e3c1-email-validator email-validator
9 verbose lock email-validator /home/benestruv/.npm/a4e1e3c1-email-validator.lock
10 silly lockFile a4e1e3c1-email-validator email-validator
11 silly lockFile a4e1e3c1-email-validator email-validator
12 verbose addNamed [ 'email-validator', '' ]
13 verbose addNamed [ null, '*' ]
14 silly lockFile 159af0fe-email-validator email-validator@
15 verbose lock email-validator@ /home/benestruv/.npm/159af0fe-email-validator.lock
16 silly addNameRange { name: 'email-validator', range: '*', hasData: false }
17 verbose url raw email-validator
18 verbose url resolving [ 'https://registry.npmjs.org/', './email-validator' ]
19 verbose url resolved https://registry.npmjs.org/email-validator
20 info trying registry request attempt 1 at 10:16:37
21 http GET https://registry.npmjs.org/email-validator
22 info retry will retry, error on last attempt: Error: CERT_UNTRUSTED
23 info trying registry request attempt 2 at 10:16:47
24 http GET https://registry.npmjs.org/email-validator
25 info retry will retry, error on last attempt: Error: CERT_UNTRUSTED
26 info trying registry request attempt 3 at 10:17:47
27 http GET https://registry.npmjs.org/email-validator
28 silly lockFile 159af0fe-email-validator email-validator@
29 silly lockFile 159af0fe-email-validator email-validator@
30 error Error: CERT_UNTRUSTED
30 error     at TLSSocket.<anonymous> (_tls_wrap.js:623:36)
30 error     at TLSSocket.EventEmitter.emit (events.js:100:17)
30 error     at TLSSocket._finishInit (_tls_wrap.js:254:8)
31 error If you need help, you may report this log at:
31 error     <http://github.com/isaacs/npm/issues>
31 error or email it to:
31 error     <npm-@googlegroups.com>
32 error System Linux 4.15.0-43-generic
33 error command "/usr/local/bin/node" "/usr/local/bin/npm" "install" "email-validator"
34 error cwd /home/benestruv/Desktop/BeCode/PROJECTS CLONES/Node.JS-CLI
35 error node -v v0.11.6
36 error npm -v 1.3.8
37 verbose exit [ 1, true ]
